Base path: C:/Program Files (x86)/Unity/Editor/Data
Pipe name: \\.\pipe\UnityShaderCompiler-32bit-1-5972
Cmd: getPlatforms
Cmd: preprocess
  error: 2 plat 15 at (20): 'UNITY_SAMPLE_DEPTH' already defined
  insize=2062 outsize=1509 ok=0
Cmd: preprocess
  error: 2 plat 15 at (11): Syntax error
  error: 2 plat 15 at (20): 'UNITY_SAMPLE_DEPTH' already defined
  insize=2514 outsize=2161 ok=0
Cmd: preprocess
  error: 2 plat 15 at (11): Syntax error
  error: 2 plat 15 at (20): 'UNITY_SAMPLE_DEPTH' already defined
  insize=2330 outsize=1977 ok=0
Cmd: preprocess
  error: 2 plat 15 at (11): Syntax error
  error: 2 plat 15 at (20): 'UNITY_SAMPLE_DEPTH' already defined
  insize=2330 outsize=1977 ok=0
Cmd: preprocess
  error: 2 plat 15 at (11): Syntax error
  error: 2 plat 15 at (20): 'UNITY_SAMPLE_DEPTH' already defined
  insize=3119 outsize=1883 ok=0
Cmd: preprocess
  error: 2 plat 15 at (11): Syntax error
  error: 2 plat 15 at (20): 'UNITY_SAMPLE_DEPTH' already defined
  insize=2326 outsize=1973 ok=0
Cmd: preprocess
  error: 2 plat 15 at (11): Syntax error
  error: 2 plat 15 at (20): 'UNITY_SAMPLE_DEPTH' already defined
  insize=1822 outsize=1427 ok=0
Cmd: preprocess
  error: 2 plat 15 at (11): Syntax error
  error: 2 plat 15 at (20): 'UNITY_SAMPLE_DEPTH' already defined
  insize=2320 outsize=1967 ok=0
Cmd: compileSnippet
  api=4 type=0 insize=65644 outsize=4695 kw=DIRECTIONAL SHADOWS_SCREEN LIGHTMAP_OFF DIRLIGHTMAP_OFF DYNAMICLIGHTMAP_OFF FOG_LINEAR ok=1
Cmd: compileSnippet
  api=4 type=1 insize=65644 outsize=4337 kw=DIRECTIONAL SHADOWS_SCREEN LIGHTMAP_OFF DIRLIGHTMAP_OFF DYNAMICLIGHTMAP_OFF FOG_LINEAR ok=1
Cmd: compileSnippet
  api=4 type=0 insize=36205 outsize=2737 kw=DIRECTIONAL TCP2_RAMPTEXT_OFF TCP2_BUMP_OFF TCP2_LIGHTMAP_OFF ok=1
Cmd: compileSnippet
  api=4 type=1 insize=36205 outsize=2241 kw=DIRECTIONAL TCP2_RAMPTEXT_OFF TCP2_BUMP_OFF TCP2_LIGHTMAP_OFF ok=1
Cmd: compileSnippet
  api=4 type=0 insize=58333 outsize=3963 kw=DIRECTIONAL SHADOWS_SCREEN LIGHTMAP_OFF DIRLIGHTMAP_OFF DYNAMICLIGHTMAP_OFF FOG_LINEAR TCP2_RAMPTEXT_OFF TCP2_BUMP_OFF TCP2_LIGHTMAP_OFF ok=1
Cmd: compileSnippet
  api=4 type=1 insize=58333 outsize=3053 kw=DIRECTIONAL SHADOWS_SCREEN LIGHTMAP_OFF DIRLIGHTMAP_OFF DYNAMICLIGHTMAP_OFF FOG_LINEAR TCP2_RAMPTEXT_OFF TCP2_BUMP_OFF TCP2_LIGHTMAP_OFF ok=1
Cmd: compileSnippet
  api=4 type=0 insize=58333 outsize=3557 kw=DIRECTIONAL SHADOWS_OFF LIGHTMAP_OFF DIRLIGHTMAP_OFF DYNAMICLIGHTMAP_OFF FOG_LINEAR TCP2_RAMPTEXT_OFF TCP2_BUMP_OFF TCP2_LIGHTMAP_OFF ok=1
Cmd: compileSnippet
  api=4 type=1 insize=58333 outsize=2737 kw=DIRECTIONAL SHADOWS_OFF LIGHTMAP_OFF DIRLIGHTMAP_OFF DYNAMICLIGHTMAP_OFF FOG_LINEAR TCP2_RAMPTEXT_OFF TCP2_BUMP_OFF TCP2_LIGHTMAP_OFF ok=1
Cmd: preprocess
  error: 2 plat 15 at (20): 'UNITY_SAMPLE_DEPTH' already defined
  insize=3093 outsize=1637 ok=0
Cmd: preprocess
  error: 2 plat 15 at (20): 'UNITY_SAMPLE_DEPTH' already defined
  insize=2967 outsize=1523 ok=0
Cmd: compileSnippet
  api=1 type=0 insize=3118 outsize=879 kw=SHADOWS_DEPTH TCP2_RAMPTEXT ok=1
Cmd: compileSnippet
  api=1 type=1 insize=3118 outsize=173 kw=SHADOWS_DEPTH TCP2_RAMPTEXT ok=1
Cmd: compileSnippet
  api=1 type=0 insize=1934 outsize=441 kw=DIRECTIONAL SHADOWS_OFF ok=1
Cmd: compileSnippet
  api=1 type=1 insize=1934 outsize=2080 kw=DIRECTIONAL SHADOWS_OFF ok=1
Cmd: compileSnippet
  api=1 type=0 insize=683 outsize=157 kw= ok=1
Cmd: compileSnippet
  api=1 type=1 insize=683 outsize=142 kw= ok=1
Cmd: compileSnippet
  api=1 type=0 insize=65644 outsize=797 kw=DIRECTIONAL SHADOWS_OFF LIGHTMAP_OFF DIRLIGHTMAP_OFF DYNAMICLIGHTMAP_OFF FOG_LINEAR ok=1
Cmd: compileSnippet
  api=1 type=1 insize=65644 outsize=1134 kw=DIRECTIONAL SHADOWS_OFF LIGHTMAP_OFF DIRLIGHTMAP_OFF DYNAMICLIGHTMAP_OFF FOG_LINEAR ok=1
Cmd: compileSnippet
  api=1 type=0 insize=6862 outsize=669 kw=DIRECTIONAL SHADOWS_OFF LIGHTMAP_OFF DIRLIGHTMAP_OFF DYNAMICLIGHTMAP_OFF FOG_LINEAR TCP2_RAMPTEXT ok=1
Cmd: compileSnippet
  api=1 type=1 insize=6862 outsize=536 kw=DIRECTIONAL SHADOWS_OFF LIGHTMAP_OFF DIRLIGHTMAP_OFF DYNAMICLIGHTMAP_OFF FOG_LINEAR TCP2_RAMPTEXT ok=1
Cmd: compileSnippet
  api=1 type=0 insize=7862 outsize=1102 kw=DIRECTIONAL SHADOWS_OFF LIGHTMAP_OFF DIRLIGHTMAP_OFF DYNAMICLIGHTMAP_OFF FOG_LINEAR TCP2_RAMPTEXT TCP2_SPEC_TOON ok=1
Cmd: compileSnippet
  api=1 type=1 insize=7862 outsize=1391 kw=DIRECTIONAL SHADOWS_OFF LIGHTMAP_OFF DIRLIGHTMAP_OFF DYNAMICLIGHTMAP_OFF FOG_LINEAR TCP2_RAMPTEXT TCP2_SPEC_TOON ok=1
Cmd: compileSnippet
  api=1 type=0 insize=58333 outsize=669 kw=DIRECTIONAL SHADOWS_OFF LIGHTMAP_OFF DIRLIGHTMAP_OFF DYNAMICLIGHTMAP_OFF FOG_LINEAR TCP2_RAMPTEXT_OFF TCP2_BUMP_OFF TCP2_LIGHTMAP_OFF ok=1
Cmd: compileSnippet
  api=1 type=1 insize=58333 outsize=784 kw=DIRECTIONAL SHADOWS_OFF LIGHTMAP_OFF DIRLIGHTMAP_OFF DYNAMICLIGHTMAP_OFF FOG_LINEAR TCP2_RAMPTEXT_OFF TCP2_BUMP_OFF TCP2_LIGHTMAP_OFF ok=1
Cmd: compileSnippet
  api=1 type=0 insize=58309 outsize=669 kw=DIRECTIONAL SHADOWS_OFF LIGHTMAP_OFF DIRLIGHTMAP_OFF DYNAMICLIGHTMAP_OFF FOG_LINEAR TCP2_RAMPTEXT_OFF TCP2_BUMP_OFF TCP2_LIGHTMAP_OFF ok=1
Cmd: compileSnippet
  api=1 type=1 insize=58309 outsize=784 kw=DIRECTIONAL SHADOWS_OFF LIGHTMAP_OFF DIRLIGHTMAP_OFF DYNAMICLIGHTMAP_OFF FOG_LINEAR TCP2_RAMPTEXT_OFF TCP2_BUMP_OFF TCP2_LIGHTMAP_OFF ok=1
Cmd: compileSnippet
  api=1 type=0 insize=6922 outsize=669 kw=DIRECTIONAL SHADOWS_OFF LIGHTMAP_OFF DIRLIGHTMAP_OFF DYNAMICLIGHTMAP_OFF FOG_LINEAR TCP2_RAMPTEXT ok=1
Cmd: compileSnippet
  api=1 type=1 insize=6922 outsize=634 kw=DIRECTIONAL SHADOWS_OFF LIGHTMAP_OFF DIRLIGHTMAP_OFF DYNAMICLIGHTMAP_OFF FOG_LINEAR TCP2_RAMPTEXT ok=1
Cmd: compileSnippet
  api=1 type=0 insize=1934 outsize=441 kw=DIRECTIONAL SHADOWS_SCREEN ok=1
Cmd: compileSnippet
  api=1 type=1 insize=1934 outsize=2385 kw=DIRECTIONAL SHADOWS_SCREEN ok=1
Cmd: compileSnippet
  api=1 type=0 insize=65644 outsize=931 kw=DIRECTIONAL SHADOWS_SCREEN LIGHTMAP_OFF DIRLIGHTMAP_OFF DYNAMICLIGHTMAP_OFF FOG_LINEAR ok=1
Cmd: compileSnippet
  api=1 type=1 insize=65644 outsize=1191 kw=DIRECTIONAL SHADOWS_SCREEN LIGHTMAP_OFF DIRLIGHTMAP_OFF DYNAMICLIGHTMAP_OFF FOG_LINEAR ok=1
Cmd: compileSnippet
  api=1 type=0 insize=6862 outsize=803 kw=DIRECTIONAL SHADOWS_SCREEN LIGHTMAP_OFF DIRLIGHTMAP_OFF DYNAMICLIGHTMAP_OFF FOG_LINEAR TCP2_RAMPTEXT ok=1
Cmd: compileSnippet
  api=1 type=1 insize=6862 outsize=608 kw=DIRECTIONAL SHADOWS_SCREEN LIGHTMAP_OFF DIRLIGHTMAP_OFF DYNAMICLIGHTMAP_OFF FOG_LINEAR TCP2_RAMPTEXT ok=1
Cmd: compileSnippet
  api=1 type=0 insize=7862 outsize=1236 kw=DIRECTIONAL SHADOWS_SCREEN LIGHTMAP_OFF DIRLIGHTMAP_OFF DYNAMICLIGHTMAP_OFF FOG_LINEAR TCP2_RAMPTEXT TCP2_SPEC_TOON ok=1
Cmd: compileSnippet
  api=1 type=1 insize=7862 outsize=1479 kw=DIRECTIONAL SHADOWS_SCREEN LIGHTMAP_OFF DIRLIGHTMAP_OFF DYNAMICLIGHTMAP_OFF FOG_LINEAR TCP2_RAMPTEXT TCP2_SPEC_TOON ok=1
Cmd: compileSnippet
  api=1 type=0 insize=58333 outsize=803 kw=DIRECTIONAL SHADOWS_SCREEN LIGHTMAP_OFF DIRLIGHTMAP_OFF DYNAMICLIGHTMAP_OFF FOG_LINEAR TCP2_RAMPTEXT_OFF TCP2_BUMP_OFF TCP2_LIGHTMAP_OFF ok=1
Cmd: compileSnippet
  api=1 type=1 insize=58333 outsize=856 kw=DIRECTIONAL SHADOWS_SCREEN LIGHTMAP_OFF DIRLIGHTMAP_OFF DYNAMICLIGHTMAP_OFF FOG_LINEAR TCP2_RAMPTEXT_OFF TCP2_BUMP_OFF TCP2_LIGHTMAP_OFF ok=1
Cmd: compileSnippet
  api=1 type=0 insize=58309 outsize=803 kw=DIRECTIONAL SHADOWS_SCREEN LIGHTMAP_OFF DIRLIGHTMAP_OFF DYNAMICLIGHTMAP_OFF FOG_LINEAR TCP2_RAMPTEXT_OFF TCP2_BUMP_OFF TCP2_LIGHTMAP_OFF ok=1
Cmd: compileSnippet
  api=1 type=1 insize=58309 outsize=856 kw=DIRECTIONAL SHADOWS_SCREEN LIGHTMAP_OFF DIRLIGHTMAP_OFF DYNAMICLIGHTMAP_OFF FOG_LINEAR TCP2_RAMPTEXT_OFF TCP2_BUMP_OFF TCP2_LIGHTMAP_OFF ok=1
Cmd: compileSnippet
  api=1 type=0 insize=6922 outsize=803 kw=DIRECTIONAL SHADOWS_SCREEN LIGHTMAP_OFF DIRLIGHTMAP_OFF DYNAMICLIGHTMAP_OFF FOG_LINEAR TCP2_RAMPTEXT ok=1
Cmd: compileSnippet
  api=1 type=1 insize=6922 outsize=706 kw=DIRECTIONAL SHADOWS_SCREEN LIGHTMAP_OFF DIRLIGHTMAP_OFF DYNAMICLIGHTMAP_OFF FOG_LINEAR TCP2_RAMPTEXT ok=1
Cmd: preprocess
  error: 2 plat 15 at (20): 'UNITY_SAMPLE_DEPTH' already defined
  insize=3093 outsize=1637 ok=0
Cmd: preprocess
  error: 2 plat 15 at (30): Too many texture interpolators would be used for ForwardBase pass (11 out of max 10)
  insize=2044 outsize=2551 ok=0
Cmd: preprocess
  error: 2 plat 15 at (22): Too many texture interpolators would be used for ForwardBase pass (11 out of max 10)
  insize=1343 outsize=1861 ok=0
Cmd: compileSnippet
  api=1 type=0 insize=63517 outsize=766 kw=DIRECTIONAL SHADOWS_OFF LIGHTMAP_OFF DIRLIGHTMAP_OFF DYNAMICLIGHTMAP_OFF ok=1
Cmd: compileSnippet
  api=1 type=1 insize=63517 outsize=750 kw=DIRECTIONAL SHADOWS_OFF LIGHTMAP_OFF DIRLIGHTMAP_OFF DYNAMICLIGHTMAP_OFF ok=1
Cmd: compileSnippet
  api=1 type=0 insize=39955 outsize=563 kw=DIRECTIONAL ok=1
Cmd: compileSnippet
  api=1 type=1 insize=39955 outsize=581 kw=DIRECTIONAL ok=1
Cmd: compileSnippet
  api=4 type=0 insize=1275 outsize=1940 kw=DIRECTIONAL SHADOWS_SCREEN ok=1
Cmd: compileSnippet
  api=4 type=1 insize=1275 outsize=4240 kw=DIRECTIONAL SHADOWS_SCREEN ok=1
Cmd: compileSnippet
  api=4 type=0 insize=5928 outsize=3240 kw=LIGHTMAP_ON DIRLIGHTMAP_COMBINED DYNAMICLIGHTMAP_OFF HDR_LIGHT_PREPASS_OFF ok=1
Cmd: compileSnippet
  api=4 type=1 insize=5928 outsize=2444 kw=LIGHTMAP_ON DIRLIGHTMAP_COMBINED DYNAMICLIGHTMAP_OFF HDR_LIGHT_PREPASS_OFF ok=1
Cmd: compileSnippet
  api=4 type=0 insize=7066 outsize=5499 kw=LIGHTMAP_ON DIRLIGHTMAP_COMBINED DYNAMICLIGHTMAP_OFF HDR_LIGHT_PREPASS_OFF ok=1
Cmd: compileSnippet
  api=4 type=1 insize=7066 outsize=3874 kw=LIGHTMAP_ON DIRLIGHTMAP_COMBINED DYNAMICLIGHTMAP_OFF HDR_LIGHT_PREPASS_OFF ok=1
Cmd: compileSnippet
  api=4 type=0 insize=65644 outsize=5060 kw=DIRECTIONAL SHADOWS_OFF LIGHTMAP_ON DIRLIGHTMAP_COMBINED DYNAMICLIGHTMAP_OFF FOG_LINEAR ok=1
Cmd: compileSnippet
  api=4 type=1 insize=65644 outsize=3330 kw=DIRECTIONAL SHADOWS_OFF LIGHTMAP_ON DIRLIGHTMAP_COMBINED DYNAMICLIGHTMAP_OFF FOG_LINEAR ok=1
Cmd: compileSnippet
  api=4 type=0 insize=41746 outsize=3549 kw=DIRECTIONAL FOG_LINEAR ok=1
Cmd: compileSnippet
  api=4 type=1 insize=41746 outsize=3443 kw=DIRECTIONAL FOG_LINEAR ok=1
Cmd: compileSnippet
  api=4 type=0 insize=7037 outsize=4402 kw=DIRECTIONAL SHADOWS_OFF LIGHTMAP_ON DIRLIGHTMAP_COMBINED DYNAMICLIGHTMAP_OFF FOG_LINEAR ok=1
Cmd: compileSnippet
  api=4 type=1 insize=7037 outsize=2208 kw=DIRECTIONAL SHADOWS_OFF LIGHTMAP_ON DIRLIGHTMAP_COMBINED DYNAMICLIGHTMAP_OFF FOG_LINEAR ok=1
Cmd: compileSnippet
  api=4 type=0 insize=3832 outsize=2972 kw=DIRECTIONAL FOG_LINEAR ok=1
Cmd: compileSnippet
  api=4 type=1 insize=3832 outsize=2241 kw=DIRECTIONAL FOG_LINEAR ok=1
Cmd: compileSnippet
  api=4 type=0 insize=41746 outsize=3549 kw=SPOT FOG_LINEAR ok=1
Cmd: compileSnippet
  api=4 type=1 insize=41746 outsize=4678 kw=SPOT FOG_LINEAR ok=1
Cmd: compileSnippet
  api=4 type=0 insize=65644 outsize=5450 kw=DIRECTIONAL SHADOWS_SCREEN LIGHTMAP_ON DIRLIGHTMAP_COMBINED DYNAMICLIGHTMAP_OFF FOG_LINEAR ok=1
Cmd: compileSnippet
  api=4 type=1 insize=65644 outsize=3817 kw=DIRECTIONAL SHADOWS_SCREEN LIGHTMAP_ON DIRLIGHTMAP_COMBINED DYNAMICLIGHTMAP_OFF FOG_LINEAR ok=1
Cmd: compileSnippet
  api=4 type=0 insize=70500 outsize=4305 kw=DIRECTIONAL SHADOWS_OFF LIGHTMAP_OFF DIRLIGHTMAP_OFF DYNAMICLIGHTMAP_OFF FOG_LINEAR ok=1
Cmd: compileSnippet
  api=4 type=1 insize=70500 outsize=11869 kw=DIRECTIONAL SHADOWS_OFF LIGHTMAP_OFF DIRLIGHTMAP_OFF DYNAMICLIGHTMAP_OFF FOG_LINEAR ok=1
Cmd: preprocess
  insize=888 outsize=1350 ok=1
Cmd: compileSnippet
  api=4 type=0 insize=7250 outsize=3492 kw=DIRECTIONAL SHADOWS_OFF LIGHTMAP_OFF DIRLIGHTMAP_OFF DYNAMICLIGHTMAP_OFF ok=1
Cmd: compileSnippet
  api=4 type=1 insize=7250 outsize=10090 kw=DIRECTIONAL SHADOWS_OFF LIGHTMAP_OFF DIRLIGHTMAP_OFF DYNAMICLIGHTMAP_OFF ok=1
Cmd: compileSnippet
  api=4 type=0 insize=4059 outsize=2737 kw=POINT SHADOWS_OFF ok=1
Cmd: compileSnippet
  api=4 type=1 insize=4059 outsize=6092 kw=POINT SHADOWS_OFF ok=1
Cmd: compileSnippet
  api=4 type=0 insize=6368 outsize=3492 kw=LIGHTMAP_OFF DIRLIGHTMAP_OFF DYNAMICLIGHTMAP_OFF HDR_LIGHT_PREPASS_OFF ok=1
Cmd: compileSnippet
  api=4 type=1 insize=6368 outsize=7400 kw=LIGHTMAP_OFF DIRLIGHTMAP_OFF DYNAMICLIGHTMAP_OFF HDR_LIGHT_PREPASS_OFF ok=1
Cmd: compileSnippet
  api=4 type=0 insize=3312 outsize=2468 kw= ok=1
Cmd: compileSnippet
  api=4 type=1 insize=3312 outsize=1233 kw= ok=1
Cmd: preprocess
  insize=2326 outsize=3196 ok=1
Cmd: compileSnippet
  api=4 type=0 insize=63517 outsize=3996 kw=DIRECTIONAL SHADOWS_OFF LIGHTMAP_OFF DIRLIGHTMAP_OFF DYNAMICLIGHTMAP_OFF ok=1
Cmd: compileSnippet
  api=4 type=1 insize=63517 outsize=2810 kw=DIRECTIONAL SHADOWS_OFF LIGHTMAP_OFF DIRLIGHTMAP_OFF DYNAMICLIGHTMAP_OFF ok=1
Cmd: compileSnippet
  api=4 type=0 insize=39955 outsize=3240 kw=POINT ok=1
Cmd: compileSnippet
  api=4 type=1 insize=39955 outsize=3062 kw=POINT ok=1
Cmd: compileSnippet
  api=4 type=0 insize=35983 outsize=2972 kw= ok=1
Cmd: compileSnippet
  api=4 type=1 insize=35983 outsize=2371 kw= ok=1
Cmd: compileSnippet
  api=4 type=0 insize=31010 outsize=4150 kw=DIRECTIONAL SHADOWS_OFF LIGHTMAP_OFF DIRLIGHTMAP_OFF DYNAMICLIGHTMAP_OFF ok=1
Cmd: compileSnippet
  api=4 type=1 insize=31010 outsize=2428 kw=DIRECTIONAL SHADOWS_OFF LIGHTMAP_OFF DIRLIGHTMAP_OFF DYNAMICLIGHTMAP_OFF ok=1
Cmd: compileSnippet
  api=4 type=0 insize=18011 outsize=3240 kw=POINT ok=1
Cmd: compileSnippet
  api=4 type=1 insize=18011 outsize=3062 kw=POINT ok=1
Cmd: compileSnippet
  api=4 type=0 insize=16055 outsize=2972 kw= ok=1
Cmd: compileSnippet
  api=4 type=1 insize=16055 outsize=2371 kw= ok=1
Cmd: preprocess
  insize=2903 outsize=2324 ok=1
Cmd: compileSnippet
  api=4 type=0 insize=70836 outsize=3996 kw=DIRECTIONAL SHADOWS_OFF LIGHTMAP_OFF DIRLIGHTMAP_OFF DYNAMICLIGHTMAP_OFF ok=1
Cmd: compileSnippet
  api=4 type=1 insize=70836 outsize=11739 kw=DIRECTIONAL SHADOWS_OFF LIGHTMAP_OFF DIRLIGHTMAP_OFF DYNAMICLIGHTMAP_OFF ok=1
Cmd: compileSnippet
  api=4 type=0 insize=46966 outsize=3240 kw=POINT SHADOWS_OFF ok=1
Cmd: compileSnippet
  api=4 type=1 insize=46966 outsize=7685 kw=POINT SHADOWS_OFF ok=1
Cmd: compileSnippet
  api=4 type=0 insize=42310 outsize=2972 kw= ok=1
Cmd: compileSnippet
  api=4 type=1 insize=42310 outsize=2477 kw= ok=1
Cmd: preprocess
  insize=3116 outsize=2524 ok=1
Cmd: compileSnippet
  api=4 type=0 insize=70500 outsize=3996 kw=DIRECTIONAL SHADOWS_OFF LIGHTMAP_OFF DIRLIGHTMAP_OFF DYNAMICLIGHTMAP_OFF ok=1
Cmd: compileSnippet
  api=4 type=1 insize=70500 outsize=11633 kw=DIRECTIONAL SHADOWS_OFF LIGHTMAP_OFF DIRLIGHTMAP_OFF DYNAMICLIGHTMAP_OFF ok=1
Cmd: compileSnippet
  api=4 type=0 insize=46630 outsize=3240 kw=POINT SHADOWS_OFF ok=1
Cmd: compileSnippet
  api=4 type=1 insize=46630 outsize=7636 kw=POINT SHADOWS_OFF ok=1
Cmd: compileSnippet
  api=4 type=0 insize=41974 outsize=2972 kw= ok=1
Cmd: compileSnippet
  api=4 type=1 insize=41974 outsize=2371 kw= ok=1
Cmd: preprocess
  insize=1810 outsize=1799 ok=1
Cmd: compileSnippet
  api=4 type=0 insize=65980 outsize=3996 kw=DIRECTIONAL SHADOWS_OFF LIGHTMAP_OFF DIRLIGHTMAP_OFF DYNAMICLIGHTMAP_OFF ok=1
Cmd: compileSnippet
  api=4 type=1 insize=65980 outsize=3898 kw=DIRECTIONAL SHADOWS_OFF LIGHTMAP_OFF DIRLIGHTMAP_OFF DYNAMICLIGHTMAP_OFF ok=1
Cmd: compileSnippet
  api=4 type=0 insize=42082 outsize=3240 kw=POINT ok=1
Cmd: compileSnippet
  api=4 type=1 insize=42082 outsize=4077 kw=POINT ok=1
Cmd: compileSnippet
  api=4 type=0 insize=37422 outsize=2972 kw= ok=1
Cmd: compileSnippet
  api=4 type=1 insize=37422 outsize=2477 kw= ok=1
Cmd: preprocess
  insize=2022 outsize=2000 ok=1
Cmd: compileSnippet
  api=4 type=0 insize=65644 outsize=3996 kw=DIRECTIONAL SHADOWS_OFF LIGHTMAP_OFF DIRLIGHTMAP_OFF DYNAMICLIGHTMAP_OFF ok=1
Cmd: compileSnippet
  api=4 type=1 insize=65644 outsize=3793 kw=DIRECTIONAL SHADOWS_OFF LIGHTMAP_OFF DIRLIGHTMAP_OFF DYNAMICLIGHTMAP_OFF ok=1
Cmd: compileSnippet
  api=4 type=0 insize=41746 outsize=3240 kw=POINT ok=1
Cmd: compileSnippet
  api=4 type=1 insize=41746 outsize=3972 kw=POINT ok=1
Cmd: compileSnippet
  api=4 type=0 insize=37086 outsize=2972 kw= ok=1
Cmd: compileSnippet
  api=4 type=1 insize=37086 outsize=2371 kw= ok=1
Cmd: preprocess
  insize=811 outsize=1596 ok=1
Cmd: compileSnippet
  api=4 type=0 insize=7037 outsize=3647 kw=DIRECTIONAL SHADOWS_OFF LIGHTMAP_OFF DIRLIGHTMAP_OFF DYNAMICLIGHTMAP_OFF ok=1
Cmd: compileSnippet
  api=4 type=1 insize=7037 outsize=2217 kw=DIRECTIONAL SHADOWS_OFF LIGHTMAP_OFF DIRLIGHTMAP_OFF DYNAMICLIGHTMAP_OFF ok=1
Cmd: compileSnippet
  api=4 type=0 insize=3832 outsize=2737 kw=POINT ok=1
Cmd: compileSnippet
  api=4 type=1 insize=3832 outsize=2777 kw=POINT ok=1
Cmd: compileSnippet
  api=4 type=0 insize=2904 outsize=2517 kw= ok=1
Cmd: compileSnippet
  api=4 type=1 insize=2904 outsize=722 kw= ok=1
Cmd: compileSnippet
  api=4 type=0 insize=6076 outsize=4061 kw=LIGHTMAP_OFF DIRLIGHTMAP_OFF DYNAMICLIGHTMAP_OFF HDR_LIGHT_PREPASS_OFF ok=1
Cmd: compileSnippet
  api=4 type=1 insize=6076 outsize=1485 kw=LIGHTMAP_OFF DIRLIGHTMAP_OFF DYNAMICLIGHTMAP_OFF HDR_LIGHT_PREPASS_OFF ok=1
Cmd: compileSnippet
  api=4 type=0 insize=3095 outsize=2468 kw= ok=1
Cmd: compileSnippet
  api=4 type=1 insize=3095 outsize=1233 kw= ok=1
Cmd: preprocess
  insize=1822 outsize=2758 ok=1
Cmd: compileSnippet
  api=4 type=0 insize=63853 outsize=3996 kw=DIRECTIONAL SHADOWS_OFF LIGHTMAP_OFF DIRLIGHTMAP_OFF DYNAMICLIGHTMAP_OFF ok=1
Cmd: compileSnippet
  api=4 type=1 insize=63853 outsize=2915 kw=DIRECTIONAL SHADOWS_OFF LIGHTMAP_OFF DIRLIGHTMAP_OFF DYNAMICLIGHTMAP_OFF ok=1
Cmd: compileSnippet
  api=4 type=0 insize=40291 outsize=3240 kw=POINT ok=1
Cmd: compileSnippet
  api=4 type=1 insize=40291 outsize=3167 kw=POINT ok=1
Cmd: compileSnippet
  api=4 type=0 insize=36319 outsize=2972 kw= ok=1
Cmd: compileSnippet
  api=4 type=1 insize=36319 outsize=2477 kw= ok=1
Cmd: compileSnippet
  api=4 type=0 insize=31178 outsize=4150 kw=DIRECTIONAL SHADOWS_OFF LIGHTMAP_OFF DIRLIGHTMAP_OFF DYNAMICLIGHTMAP_OFF ok=1
Cmd: compileSnippet
  api=4 type=1 insize=31178 outsize=2533 kw=DIRECTIONAL SHADOWS_OFF LIGHTMAP_OFF DIRLIGHTMAP_OFF DYNAMICLIGHTMAP_OFF ok=1
Cmd: compileSnippet
  api=4 type=0 insize=18179 outsize=3240 kw=POINT ok=1
Cmd: compileSnippet
  api=4 type=1 insize=18179 outsize=3167 kw=POINT ok=1
Cmd: compileSnippet
  api=4 type=0 insize=16223 outsize=2972 kw= ok=1
Cmd: compileSnippet
  api=4 type=1 insize=16223 outsize=2477 kw= ok=1
Cmd: preprocess
  insize=886 outsize=1348 ok=1
Cmd: preprocess
  insize=2314 outsize=3184 ok=1
Cmd: preprocess
  insize=2899 outsize=2320 ok=1
Cmd: preprocess
  insize=3108 outsize=2516 ok=1
Cmd: preprocess
  insize=1806 outsize=1795 ok=1
Cmd: preprocess
  insize=2014 outsize=1992 ok=1
Cmd: preprocess
  insize=809 outsize=1594 ok=1
Cmd: preprocess
  insize=1820 outsize=2756 ok=1
Cmd: compileSnippet
  api=4 type=0 insize=39955 outsize=3240 kw=DIRECTIONAL ok=1
Cmd: compileSnippet
  api=4 type=1 insize=39955 outsize=2282 kw=DIRECTIONAL ok=1
Cmd: compileSnippet
  api=4 type=0 insize=46630 outsize=3240 kw=DIRECTIONAL SHADOWS_OFF ok=1
Cmd: compileSnippet
  api=4 type=1 insize=46630 outsize=6905 kw=DIRECTIONAL SHADOWS_OFF ok=1
Cmd: compileSnippet
  api=4 type=0 insize=40291 outsize=3240 kw=DIRECTIONAL ok=1
Cmd: compileSnippet
  api=4 type=1 insize=40291 outsize=2387 kw=DIRECTIONAL ok=1
Cmd: compileSnippet
  api=1 type=0 insize=70500 outsize=797 kw=DIRECTIONAL SHADOWS_OFF LIGHTMAP_OFF DIRLIGHTMAP_OFF DYNAMICLIGHTMAP_OFF FOG_LINEAR ok=1
Cmd: compileSnippet
  api=1 type=1 insize=70500 outsize=4009 kw=DIRECTIONAL SHADOWS_OFF LIGHTMAP_OFF DIRLIGHTMAP_OFF DYNAMICLIGHTMAP_OFF FOG_LINEAR ok=1
Cmd: compileSnippet
  api=1 type=0 insize=70500 outsize=766 kw=DIRECTIONAL SHADOWS_OFF LIGHTMAP_OFF DIRLIGHTMAP_OFF DYNAMICLIGHTMAP_OFF ok=1
Cmd: compileSnippet
  api=1 type=1 insize=70500 outsize=3943 kw=DIRECTIONAL SHADOWS_OFF LIGHTMAP_OFF DIRLIGHTMAP_OFF DYNAMICLIGHTMAP_OFF ok=1
Cmd: compileSnippet
  api=1 type=0 insize=46630 outsize=563 kw=DIRECTIONAL SHADOWS_OFF ok=1
Cmd: compileSnippet
  api=1 type=1 insize=46630 outsize=2384 kw=DIRECTIONAL SHADOWS_OFF ok=1
Cmd: compileSnippet
  api=1 type=0 insize=7735 outsize=1063 kw=DIRECTIONAL SHADOWS_OFF LIGHTMAP_OFF DIRLIGHTMAP_OFF DYNAMICLIGHTMAP_OFF TCP2_RAMPTEXT ok=1
Cmd: compileSnippet
  api=1 type=1 insize=7735 outsize=823 kw=DIRECTIONAL SHADOWS_OFF LIGHTMAP_OFF DIRLIGHTMAP_OFF DYNAMICLIGHTMAP_OFF TCP2_RAMPTEXT ok=1
Cmd: compileSnippet
  api=1 type=0 insize=5219 outsize=868 kw=DIRECTIONAL TCP2_RAMPTEXT ok=1
Cmd: compileSnippet
  api=1 type=1 insize=5219 outsize=753 kw=DIRECTIONAL TCP2_RAMPTEXT ok=1
Cmd: compileSnippet
  api=1 type=0 insize=70500 outsize=766 kw=DIRECTIONAL SHADOWS_OFF LIGHTMAP_OFF DIRLIGHTMAP_OFF DYNAMICLIGHTMAP_OFF ok=1
Cmd: compileSnippet
  api=1 type=1 insize=70500 outsize=3943 kw=DIRECTIONAL SHADOWS_OFF LIGHTMAP_OFF DIRLIGHTMAP_OFF DYNAMICLIGHTMAP_OFF ok=1
Cmd: compileSnippet
  api=1 type=0 insize=46630 outsize=563 kw=DIRECTIONAL SHADOWS_OFF ok=1
Cmd: compileSnippet
  api=1 type=1 insize=46630 outsize=2384 kw=DIRECTIONAL SHADOWS_OFF ok=1
Cmd: compileSnippet
  api=1 type=0 insize=63517 outsize=766 kw=DIRECTIONAL SHADOWS_OFF LIGHTMAP_OFF DIRLIGHTMAP_OFF DYNAMICLIGHTMAP_OFF ok=1
Cmd: compileSnippet
  api=1 type=1 insize=63517 outsize=750 kw=DIRECTIONAL SHADOWS_OFF LIGHTMAP_OFF DIRLIGHTMAP_OFF DYNAMICLIGHTMAP_OFF ok=1
Cmd: compileSnippet
  api=1 type=0 insize=39955 outsize=563 kw=DIRECTIONAL ok=1
Cmd: compileSnippet
  api=1 type=1 insize=39955 outsize=581 kw=DIRECTIONAL ok=1
Cmd: compileSnippet
  api=1 type=0 insize=63517 outsize=797 kw=DIRECTIONAL SHADOWS_OFF LIGHTMAP_OFF DIRLIGHTMAP_OFF DYNAMICLIGHTMAP_OFF FOG_LINEAR ok=1
Cmd: compileSnippet
  api=1 type=1 insize=63517 outsize=812 kw=DIRECTIONAL SHADOWS_OFF LIGHTMAP_OFF DIRLIGHTMAP_OFF DYNAMICLIGHTMAP_OFF FOG_LINEAR ok=1
Cmd: compileSnippet
  api=1 type=0 insize=8629 outsize=1053 kw=DIRECTIONAL SHADOWS_OFF LIGHTMAP_OFF DIRLIGHTMAP_OFF DYNAMICLIGHTMAP_OFF TCP2_RAMPTEXT ok=1
Cmd: compileSnippet
  api=1 type=1 insize=8629 outsize=1370 kw=DIRECTIONAL SHADOWS_OFF LIGHTMAP_OFF DIRLIGHTMAP_OFF DYNAMICLIGHTMAP_OFF TCP2_RAMPTEXT ok=1
Cmd: compileSnippet
  api=1 type=0 insize=5501 outsize=819 kw=DIRECTIONAL TCP2_RAMPTEXT ok=1
Cmd: compileSnippet
  api=1 type=1 insize=5501 outsize=676 kw=DIRECTIONAL TCP2_RAMPTEXT ok=1
Cmd: compileSnippet
  api=1 type=0 insize=8160 outsize=1053 kw=DIRECTIONAL SHADOWS_OFF LIGHTMAP_OFF DIRLIGHTMAP_OFF DYNAMICLIGHTMAP_OFF TCP2_RAMPTEXT ok=1
Cmd: compileSnippet
  api=1 type=1 insize=8160 outsize=1170 kw=DIRECTIONAL SHADOWS_OFF LIGHTMAP_OFF DIRLIGHTMAP_OFF DYNAMICLIGHTMAP_OFF TCP2_RAMPTEXT ok=1
Cmd: compileSnippet
  api=1 type=0 insize=5213 outsize=819 kw=DIRECTIONAL TCP2_RAMPTEXT ok=1
Cmd: compileSnippet
  api=1 type=1 insize=5213 outsize=676 kw=DIRECTIONAL TCP2_RAMPTEXT ok=1
Cmd: compileSnippet
  api=1 type=0 insize=6862 outsize=620 kw=DIRECTIONAL SHADOWS_OFF LIGHTMAP_OFF DIRLIGHTMAP_OFF DYNAMICLIGHTMAP_OFF TCP2_RAMPTEXT ok=1
Cmd: compileSnippet
  api=1 type=1 insize=6862 outsize=438 kw=DIRECTIONAL SHADOWS_OFF LIGHTMAP_OFF DIRLIGHTMAP_OFF DYNAMICLIGHTMAP_OFF TCP2_RAMPTEXT ok=1
Cmd: compileSnippet
  api=1 type=0 insize=7862 outsize=1053 kw=DIRECTIONAL SHADOWS_OFF LIGHTMAP_OFF DIRLIGHTMAP_OFF DYNAMICLIGHTMAP_OFF TCP2_RAMPTEXT TCP2_SPEC_TOON ok=1
Cmd: compileSnippet
  api=1 type=1 insize=7862 outsize=1283 kw=DIRECTIONAL SHADOWS_OFF LIGHTMAP_OFF DIRLIGHTMAP_OFF DYNAMICLIGHTMAP_OFF TCP2_RAMPTEXT TCP2_SPEC_TOON ok=1
Cmd: compileSnippet
  api=1 type=0 insize=7155 outsize=651 kw=DIRECTIONAL SHADOWS_OFF LIGHTMAP_OFF DIRLIGHTMAP_OFF DYNAMICLIGHTMAP_OFF TCP2_RAMPTEXT ok=1
Cmd: compileSnippet
  api=1 type=1 insize=7155 outsize=514 kw=DIRECTIONAL SHADOWS_OFF LIGHTMAP_OFF DIRLIGHTMAP_OFF DYNAMICLIGHTMAP_OFF TCP2_RAMPTEXT ok=1
Cmd: compileSnippet
  api=1 type=0 insize=58309 outsize=620 kw=DIRECTIONAL SHADOWS_OFF LIGHTMAP_OFF DIRLIGHTMAP_OFF DYNAMICLIGHTMAP_OFF TCP2_RAMPTEXT_OFF TCP2_BUMP_OFF TCP2_LIGHTMAP_OFF ok=1
Cmd: compileSnippet
  api=1 type=1 insize=58309 outsize=684 kw=DIRECTIONAL SHADOWS_OFF LIGHTMAP_OFF DIRLIGHTMAP_OFF DYNAMICLIGHTMAP_OFF TCP2_RAMPTEXT_OFF TCP2_BUMP_OFF TCP2_LIGHTMAP_OFF ok=1
Cmd: compileSnippet
  api=1 type=0 insize=3834 outsize=403 kw=DIRECTIONAL TCP2_RAMPTEXT ok=1
Cmd: compileSnippet
  api=1 type=1 insize=3834 outsize=388 kw=DIRECTIONAL TCP2_RAMPTEXT ok=1
Cmd: compileSnippet
  api=1 type=0 insize=5157 outsize=819 kw=DIRECTIONAL TCP2_RAMPTEXT TCP2_SPEC_TOON ok=1
Cmd: compileSnippet
  api=1 type=1 insize=5157 outsize=1235 kw=DIRECTIONAL TCP2_RAMPTEXT TCP2_SPEC_TOON ok=1
Cmd: compileSnippet
  api=1 type=0 insize=4119 outsize=434 kw=DIRECTIONAL TCP2_RAMPTEXT ok=1
Cmd: compileSnippet
  api=1 type=1 insize=4119 outsize=444 kw=DIRECTIONAL TCP2_RAMPTEXT ok=1
Cmd: compileSnippet
  api=1 type=0 insize=36181 outsize=403 kw=DIRECTIONAL TCP2_RAMPTEXT_OFF TCP2_BUMP_OFF TCP2_LIGHTMAP_OFF ok=1
Cmd: compileSnippet
  api=1 type=1 insize=36181 outsize=634 kw=DIRECTIONAL TCP2_RAMPTEXT_OFF TCP2_BUMP_OFF TCP2_LIGHTMAP_OFF ok=1
Cmd: compileSnippet
  api=1 type=0 insize=6922 outsize=620 kw=DIRECTIONAL SHADOWS_OFF LIGHTMAP_OFF DIRLIGHTMAP_OFF DYNAMICLIGHTMAP_OFF TCP2_RAMPTEXT ok=1
Cmd: compileSnippet
  api=1 type=1 insize=6922 outsize=517 kw=DIRECTIONAL SHADOWS_OFF LIGHTMAP_OFF DIRLIGHTMAP_OFF DYNAMICLIGHTMAP_OFF TCP2_RAMPTEXT ok=1
Cmd: compileSnippet
  api=1 type=0 insize=3881 outsize=403 kw=DIRECTIONAL TCP2_RAMPTEXT ok=1
Cmd: compileSnippet
  api=1 type=1 insize=3881 outsize=439 kw=DIRECTIONAL TCP2_RAMPTEXT ok=1
Cmd: compileSnippet
  api=1 type=0 insize=7872 outsize=818 kw=DIRECTIONAL SHADOWS_OFF LIGHTMAP_OFF DIRLIGHTMAP_OFF DYNAMICLIGHTMAP_OFF TCP2_RAMPTEXT TCP2_SPEC_TOON ok=1
Cmd: compileSnippet
  api=1 type=1 insize=7872 outsize=1119 kw=DIRECTIONAL SHADOWS_OFF LIGHTMAP_OFF DIRLIGHTMAP_OFF DYNAMICLIGHTMAP_OFF TCP2_RAMPTEXT TCP2_SPEC_TOON ok=1
Cmd: compileSnippet
  api=1 type=0 insize=4335 outsize=403 kw=DIRECTIONAL TCP2_RAMPTEXT TCP2_SPEC_TOON ok=1
Cmd: compileSnippet
  api=1 type=1 insize=4335 outsize=964 kw=DIRECTIONAL TCP2_RAMPTEXT TCP2_SPEC_TOON ok=1
Cmd: preprocess
  insize=2406 outsize=3276 ok=1
Cmd: compileSnippet
  api=1 type=0 insize=39955 outsize=563 kw=POINT ok=1
Cmd: compileSnippet
  api=1 type=1 insize=39955 outsize=798 kw=POINT ok=1
Cmd: compileSnippet
  api=1 type=0 insize=35983 outsize=679 kw= ok=1
Cmd: compileSnippet
  api=1 type=1 insize=35983 outsize=688 kw= ok=1
Cmd: compileSnippet
  api=1 type=0 insize=31010 outsize=710 kw=DIRECTIONAL SHADOWS_OFF LIGHTMAP_OFF DIRLIGHTMAP_OFF DYNAMICLIGHTMAP_OFF ok=1
Cmd: compileSnippet
  api=1 type=1 insize=31010 outsize=645 kw=DIRECTIONAL SHADOWS_OFF LIGHTMAP_OFF DIRLIGHTMAP_OFF DYNAMICLIGHTMAP_OFF ok=1
Cmd: compileSnippet
  api=1 type=0 insize=18011 outsize=469 kw=POINT ok=1
Cmd: compileSnippet
  api=1 type=1 insize=18011 outsize=822 kw=POINT ok=1
Cmd: compileSnippet
  api=1 type=0 insize=16055 outsize=605 kw= ok=1
Cmd: compileSnippet
  api=1 type=1 insize=16055 outsize=737 kw= ok=1
Cmd: preprocess
  insize=2415 outsize=3285 ok=1
Cmd: preprocess
  insize=2419 outsize=3289 ok=1
Cmd: compileSnippet
  api=1 type=0 insize=63517 outsize=766 kw=DIRECTIONAL SHADOWS_OFF LIGHTMAP_OFF DIRLIGHTMAP_OFF DYNAMICLIGHTMAP_OFF ok=1
Cmd: compileSnippet
  api=1 type=1 insize=63517 outsize=750 kw=DIRECTIONAL SHADOWS_OFF LIGHTMAP_OFF DIRLIGHTMAP_OFF DYNAMICLIGHTMAP_OFF ok=1
Cmd: compileSnippet
  api=1 type=0 insize=39955 outsize=563 kw=POINT ok=1
Cmd: compileSnippet
  api=1 type=1 insize=39955 outsize=798 kw=POINT ok=1
Cmd: compileSnippet
  api=1 type=0 insize=35983 outsize=679 kw= ok=1
Cmd: compileSnippet
  api=1 type=1 insize=35983 outsize=688 kw= ok=1
Cmd: compileSnippet
  api=1 type=0 insize=31010 outsize=710 kw=DIRECTIONAL SHADOWS_OFF LIGHTMAP_OFF DIRLIGHTMAP_OFF DYNAMICLIGHTMAP_OFF ok=1
Cmd: compileSnippet
  api=1 type=1 insize=31010 outsize=645 kw=DIRECTIONAL SHADOWS_OFF LIGHTMAP_OFF DIRLIGHTMAP_OFF DYNAMICLIGHTMAP_OFF ok=1
Cmd: compileSnippet
  api=1 type=0 insize=18011 outsize=469 kw=POINT ok=1
Cmd: compileSnippet
  api=1 type=1 insize=18011 outsize=822 kw=POINT ok=1
Cmd: compileSnippet
  api=1 type=0 insize=16055 outsize=605 kw= ok=1
Cmd: compileSnippet
  api=1 type=1 insize=16055 outsize=737 kw= ok=1
Cmd: preprocess
  insize=2463 outsize=3333 ok=1
Cmd: compileSnippet
  api=1 type=0 insize=31010 outsize=710 kw=DIRECTIONAL SHADOWS_OFF LIGHTMAP_OFF DIRLIGHTMAP_OFF DYNAMICLIGHTMAP_OFF ok=1
Cmd: compileSnippet
  api=1 type=1 insize=31010 outsize=645 kw=DIRECTIONAL SHADOWS_OFF LIGHTMAP_OFF DIRLIGHTMAP_OFF DYNAMICLIGHTMAP_OFF ok=1
Cmd: compileSnippet
  api=1 type=0 insize=18011 outsize=469 kw=POINT ok=1
Cmd: compileSnippet
  api=1 type=1 insize=18011 outsize=822 kw=POINT ok=1
Cmd: compileSnippet
  api=1 type=0 insize=16055 outsize=605 kw= ok=1
Cmd: compileSnippet
  api=1 type=1 insize=16055 outsize=737 kw= ok=1
Cmd: compileSnippet
  api=1 type=0 insize=63517 outsize=797 kw=DIRECTIONAL SHADOWS_OFF LIGHTMAP_OFF DIRLIGHTMAP_OFF DYNAMICLIGHTMAP_OFF FOG_LINEAR ok=1
Cmd: compileSnippet
  api=1 type=1 insize=63517 outsize=812 kw=DIRECTIONAL SHADOWS_OFF LIGHTMAP_OFF DIRLIGHTMAP_OFF DYNAMICLIGHTMAP_OFF FOG_LINEAR ok=1
Cmd: compileSnippet
  api=1 type=0 insize=39955 outsize=563 kw=DIRECTIONAL ok=1
Cmd: compileSnippet
  api=1 type=1 insize=39955 outsize=581 kw=DIRECTIONAL ok=1
Cmd: preprocess
  insize=2616 outsize=3485 ok=1
Cmd: compileSnippet
  api=1 type=0 insize=63517 outsize=766 kw=DIRECTIONAL SHADOWS_OFF LIGHTMAP_OFF DIRLIGHTMAP_OFF DYNAMICLIGHTMAP_OFF ok=1
Cmd: compileSnippet
  api=1 type=1 insize=63517 outsize=750 kw=DIRECTIONAL SHADOWS_OFF LIGHTMAP_OFF DIRLIGHTMAP_OFF DYNAMICLIGHTMAP_OFF ok=1
Cmd: compileSnippet
  api=1 type=0 insize=39955 outsize=563 kw=POINT ok=1
Cmd: compileSnippet
  api=1 type=1 insize=39955 outsize=798 kw=POINT ok=1
Cmd: compileSnippet
  api=1 type=0 insize=35983 outsize=679 kw= ok=1
Cmd: compileSnippet
  api=1 type=1 insize=35983 outsize=688 kw= ok=1
Cmd: compileSnippet
  api=1 type=0 insize=31010 outsize=710 kw=DIRECTIONAL SHADOWS_OFF LIGHTMAP_OFF DIRLIGHTMAP_OFF DYNAMICLIGHTMAP_OFF ok=1
Cmd: compileSnippet
  api=1 type=1 insize=31010 outsize=645 kw=DIRECTIONAL SHADOWS_OFF LIGHTMAP_OFF DIRLIGHTMAP_OFF DYNAMICLIGHTMAP_OFF ok=1
Cmd: compileSnippet
  api=1 type=0 insize=18011 outsize=469 kw=POINT ok=1
Cmd: compileSnippet
  api=1 type=1 insize=18011 outsize=822 kw=POINT ok=1
Cmd: compileSnippet
  api=1 type=0 insize=16055 outsize=605 kw= ok=1
Cmd: compileSnippet
  api=1 type=1 insize=16055 outsize=737 kw= ok=1
Cmd: compileSnippet
  api=1 type=0 insize=63517 outsize=797 kw=DIRECTIONAL SHADOWS_OFF LIGHTMAP_OFF DIRLIGHTMAP_OFF DYNAMICLIGHTMAP_OFF FOG_LINEAR ok=1
Cmd: compileSnippet
  api=1 type=1 insize=63517 outsize=812 kw=DIRECTIONAL SHADOWS_OFF LIGHTMAP_OFF DIRLIGHTMAP_OFF DYNAMICLIGHTMAP_OFF FOG_LINEAR ok=1
Cmd: compileSnippet
  api=1 type=0 insize=39955 outsize=563 kw=DIRECTIONAL ok=1
Cmd: compileSnippet
  api=1 type=1 insize=39955 outsize=581 kw=DIRECTIONAL ok=1
Cmd: compileSnippet
  api=1 type=0 insize=63517 outsize=931 kw=DIRECTIONAL SHADOWS_SCREEN LIGHTMAP_OFF DIRLIGHTMAP_OFF DYNAMICLIGHTMAP_OFF FOG_LINEAR ok=1
Cmd: compileSnippet
  api=1 type=1 insize=63517 outsize=884 kw=DIRECTIONAL SHADOWS_SCREEN LIGHTMAP_OFF DIRLIGHTMAP_OFF DYNAMICLIGHTMAP_OFF FOG_LINEAR ok=1
Cmd: compileSnippet
  api=1 type=0 insize=3409 outsize=879 kw=SHADOWS_DEPTH TCP2_RAMPTEXT TCP2_SPEC_TOON ok=1
Cmd: compileSnippet
  api=1 type=1 insize=3409 outsize=173 kw=SHADOWS_DEPTH TCP2_RAMPTEXT TCP2_SPEC_TOON ok=1
Cmd: compileSnippet
  api=1 type=0 insize=8629 outsize=1236 kw=DIRECTIONAL SHADOWS_SCREEN LIGHTMAP_OFF DIRLIGHTMAP_OFF DYNAMICLIGHTMAP_OFF FOG_LINEAR TCP2_RAMPTEXT ok=1
Cmd: compileSnippet
  api=1 type=1 insize=8629 outsize=1543 kw=DIRECTIONAL SHADOWS_SCREEN LIGHTMAP_OFF DIRLIGHTMAP_OFF DYNAMICLIGHTMAP_OFF FOG_LINEAR TCP2_RAMPTEXT ok=1
Cmd: compileSnippet
  api=1 type=0 insize=8160 outsize=1102 kw=DIRECTIONAL SHADOWS_OFF LIGHTMAP_OFF DIRLIGHTMAP_OFF DYNAMICLIGHTMAP_OFF FOG_LINEAR TCP2_RAMPTEXT ok=1
Cmd: compileSnippet
  api=1 type=1 insize=8160 outsize=1277 kw=DIRECTIONAL SHADOWS_OFF LIGHTMAP_OFF DIRLIGHTMAP_OFF DYNAMICLIGHTMAP_OFF FOG_LINEAR TCP2_RAMPTEXT ok=1
Cmd: compileSnippet
  api=1 type=0 insize=8160 outsize=1236 kw=DIRECTIONAL SHADOWS_SCREEN LIGHTMAP_OFF DIRLIGHTMAP_OFF DYNAMICLIGHTMAP_OFF FOG_LINEAR TCP2_RAMPTEXT ok=1
Cmd: compileSnippet
  api=1 type=1 insize=8160 outsize=1349 kw=DIRECTIONAL SHADOWS_SCREEN LIGHTMAP_OFF DIRLIGHTMAP_OFF DYNAMICLIGHTMAP_OFF FOG_LINEAR TCP2_RAMPTEXT ok=1
Cmd: compileSnippet
  api=1 type=0 insize=7872 outsize=1001 kw=DIRECTIONAL SHADOWS_SCREEN LIGHTMAP_OFF DIRLIGHTMAP_OFF DYNAMICLIGHTMAP_OFF FOG_LINEAR TCP2_RAMPTEXT TCP2_SPEC_TOON ok=1
Cmd: compileSnippet
  api=1 type=1 insize=7872 outsize=1308 kw=DIRECTIONAL SHADOWS_SCREEN LIGHTMAP_OFF DIRLIGHTMAP_OFF DYNAMICLIGHTMAP_OFF FOG_LINEAR TCP2_RAMPTEXT TCP2_SPEC_TOON ok=1
Cmd: compileSnippet
  api=1 type=0 insize=7922 outsize=1236 kw=DIRECTIONAL SHADOWS_SCREEN LIGHTMAP_OFF DIRLIGHTMAP_OFF DYNAMICLIGHTMAP_OFF FOG_LINEAR TCP2_RAMPTEXT TCP2_SPEC_TOON ok=1
Cmd: compileSnippet
  api=1 type=1 insize=7922 outsize=1565 kw=DIRECTIONAL SHADOWS_SCREEN LIGHTMAP_OFF DIRLIGHTMAP_OFF DYNAMICLIGHTMAP_OFF FOG_LINEAR TCP2_RAMPTEXT TCP2_SPEC_TOON ok=1
Cmd: compileSnippet
  api=1 type=0 insize=63517 outsize=1067 kw=DIRECTIONAL SHADOWS_OFF LIGHTMAP_ON DIRLIGHTMAP_COMBINED DYNAMICLIGHTMAP_OFF FOG_LINEAR ok=1
Cmd: compileSnippet
  api=1 type=1 insize=63517 outsize=863 kw=DIRECTIONAL SHADOWS_OFF LIGHTMAP_ON DIRLIGHTMAP_COMBINED DYNAMICLIGHTMAP_OFF FOG_LINEAR ok=1
Cmd: compileSnippet
  api=1 type=0 insize=39955 outsize=594 kw=DIRECTIONAL FOG_LINEAR ok=1
Cmd: compileSnippet
  api=1 type=1 insize=39955 outsize=637 kw=DIRECTIONAL FOG_LINEAR ok=1
Cmd: compileSnippet
  api=1 type=0 insize=7735 outsize=1112 kw=DIRECTIONAL SHADOWS_OFF LIGHTMAP_OFF DIRLIGHTMAP_OFF DYNAMICLIGHTMAP_OFF FOG_LINEAR TCP2_RAMPTEXT ok=1
Cmd: compileSnippet
  api=1 type=1 insize=7735 outsize=921 kw=DIRECTIONAL SHADOWS_OFF LIGHTMAP_OFF DIRLIGHTMAP_OFF DYNAMICLIGHTMAP_OFF FOG_LINEAR TCP2_RAMPTEXT ok=1
Cmd: compileSnippet
  api=1 type=0 insize=7382 outsize=1063 kw=DIRECTIONAL SHADOWS_OFF LIGHTMAP_OFF DIRLIGHTMAP_OFF DYNAMICLIGHTMAP_OFF FOG_LINEAR TCP2_RAMPTEXT ok=1
Cmd: compileSnippet
  api=1 type=1 insize=7382 outsize=824 kw=DIRECTIONAL SHADOWS_OFF LIGHTMAP_OFF DIRLIGHTMAP_OFF DYNAMICLIGHTMAP_OFF FOG_LINEAR TCP2_RAMPTEXT ok=1
Cmd: compileSnippet
  api=1 type=0 insize=124872 outsize=1102 kw=DIRECTIONAL SHADOWS_OFF LIGHTMAP_OFF DIRLIGHTMAP_OFF DYNAMICLIGHTMAP_OFF FOG_LINEAR TCP2_BUMP TCP2_RAMPTEXT_OFF TCP2_LIGHTMAP_OFF TCP2_SPEC ok=1
Cmd: compileSnippet
  api=1 type=1 insize=124872 outsize=1404 kw=DIRECTIONAL SHADOWS_OFF LIGHTMAP_OFF DIRLIGHTMAP_OFF DYNAMICLIGHTMAP_OFF FOG_LINEAR TCP2_BUMP TCP2_RAMPTEXT_OFF TCP2_LIGHTMAP_OFF TCP2_SPEC ok=1
Cmd: compileSnippet
  api=1 type=0 insize=39955 outsize=594 kw=SPOT FOG_LINEAR ok=1
Cmd: compileSnippet
  api=1 type=1 insize=39955 outsize=996 kw=SPOT FOG_LINEAR ok=1
Cmd: compileSnippet
  api=1 type=0 insize=8629 outsize=1102 kw=DIRECTIONAL SHADOWS_OFF LIGHTMAP_OFF DIRLIGHTMAP_OFF DYNAMICLIGHTMAP_OFF FOG_LINEAR TCP2_RAMPTEXT ok=1
Cmd: compileSnippet
  api=1 type=1 insize=8629 outsize=1471 kw=DIRECTIONAL SHADOWS_OFF LIGHTMAP_OFF DIRLIGHTMAP_OFF DYNAMICLIGHTMAP_OFF FOG_LINEAR TCP2_RAMPTEXT ok=1
Cmd: compileSnippet
  api=1 type=0 insize=7872 outsize=867 kw=DIRECTIONAL SHADOWS_OFF LIGHTMAP_OFF DIRLIGHTMAP_OFF DYNAMICLIGHTMAP_OFF FOG_LINEAR TCP2_RAMPTEXT TCP2_SPEC_TOON ok=1
Cmd: compileSnippet
  api=1 type=1 insize=7872 outsize=1220 kw=DIRECTIONAL SHADOWS_OFF LIGHTMAP_OFF DIRLIGHTMAP_OFF DYNAMICLIGHTMAP_OFF FOG_LINEAR TCP2_RAMPTEXT TCP2_SPEC_TOON ok=1
Cmd: compileSnippet
  api=1 type=0 insize=3834 outsize=452 kw=SPOT FOG_LINEAR TCP2_RAMPTEXT ok=1
Cmd: compileSnippet
  api=1 type=1 insize=3834 outsize=831 kw=SPOT FOG_LINEAR TCP2_RAMPTEXT ok=1
Cmd: compileSnippet
  api=1 type=0 insize=4904 outsize=868 kw=SPOT FOG_LINEAR TCP2_RAMPTEXT ok=1
Cmd: compileSnippet
  api=1 type=1 insize=4904 outsize=1124 kw=SPOT FOG_LINEAR TCP2_RAMPTEXT ok=1
Cmd: compileSnippet
  api=1 type=0 insize=5501 outsize=868 kw=SPOT FOG_LINEAR TCP2_RAMPTEXT ok=1
Cmd: compileSnippet
  api=1 type=1 insize=5501 outsize=1124 kw=SPOT FOG_LINEAR TCP2_RAMPTEXT ok=1
Cmd: compileSnippet
  api=1 type=0 insize=5213 outsize=868 kw=SPOT FOG_LINEAR TCP2_RAMPTEXT ok=1
Cmd: compileSnippet
  api=1 type=1 insize=5213 outsize=1124 kw=SPOT FOG_LINEAR TCP2_RAMPTEXT ok=1
Cmd: compileSnippet
  api=1 type=0 insize=4335 outsize=452 kw=SPOT FOG_LINEAR TCP2_RAMPTEXT TCP2_SPEC_TOON ok=1
Cmd: compileSnippet
  api=1 type=1 insize=4335 outsize=1395 kw=SPOT FOG_LINEAR TCP2_RAMPTEXT TCP2_SPEC_TOON ok=1
Cmd: compileSnippet
  api=1 type=0 insize=7922 outsize=1102 kw=DIRECTIONAL SHADOWS_OFF LIGHTMAP_OFF DIRLIGHTMAP_OFF DYNAMICLIGHTMAP_OFF FOG_LINEAR TCP2_RAMPTEXT TCP2_SPEC_TOON ok=1
Cmd: compileSnippet
  api=1 type=1 insize=7922 outsize=1462 kw=DIRECTIONAL SHADOWS_OFF LIGHTMAP_OFF DIRLIGHTMAP_OFF DYNAMICLIGHTMAP_OFF FOG_LINEAR TCP2_RAMPTEXT TCP2_SPEC_TOON ok=1
Cmd: compileSnippet
  api=1 type=0 insize=5204 outsize=868 kw=SPOT FOG_LINEAR TCP2_RAMPTEXT TCP2_SPEC_TOON ok=1
Cmd: compileSnippet
  api=1 type=1 insize=5204 outsize=1730 kw=SPOT FOG_LINEAR TCP2_RAMPTEXT TCP2_SPEC_TOON ok=1
Cmd: compileSnippet
  api=1 type=0 insize=3881 outsize=452 kw=SPOT FOG_LINEAR TCP2_RAMPTEXT ok=1
Cmd: compileSnippet
  api=1 type=1 insize=3881 outsize=882 kw=SPOT FOG_LINEAR TCP2_RAMPTEXT ok=1
Cmd: compileSnippet
  api=1 type=0 insize=63517 outsize=1205 kw=DIRECTIONAL SHADOWS_SCREEN LIGHTMAP_ON DIRLIGHTMAP_COMBINED DYNAMICLIGHTMAP_OFF FOG_LINEAR ok=1
Cmd: compileSnippet
  api=1 type=1 insize=63517 outsize=1003 kw=DIRECTIONAL SHADOWS_SCREEN LIGHTMAP_ON DIRLIGHTMAP_COMBINED DYNAMICLIGHTMAP_OFF FOG_LINEAR ok=1
Cmd: compileSnippet
  api=1 type=0 insize=7382 outsize=1197 kw=DIRECTIONAL SHADOWS_SCREEN LIGHTMAP_OFF DIRLIGHTMAP_OFF DYNAMICLIGHTMAP_OFF FOG_LINEAR TCP2_RAMPTEXT ok=1
Cmd: compileSnippet
  api=1 type=1 insize=7382 outsize=896 kw=DIRECTIONAL SHADOWS_SCREEN LIGHTMAP_OFF DIRLIGHTMAP_OFF DYNAMICLIGHTMAP_OFF FOG_LINEAR TCP2_RAMPTEXT ok=1
Cmd: compileSnippet
  api=1 type=0 insize=7735 outsize=1246 kw=DIRECTIONAL SHADOWS_SCREEN LIGHTMAP_OFF DIRLIGHTMAP_OFF DYNAMICLIGHTMAP_OFF FOG_LINEAR TCP2_RAMPTEXT ok=1
Cmd: compileSnippet
  api=1 type=1 insize=7735 outsize=993 kw=DIRECTIONAL SHADOWS_SCREEN LIGHTMAP_OFF DIRLIGHTMAP_OFF DYNAMICLIGHTMAP_OFF FOG_LINEAR TCP2_RAMPTEXT ok=1
